C:\Users\Jr\Source\Repos\Sagaracorp\BladeportBinaryTreeManager\BladeportBinaryTreeManager.Web\wwwroot\app\dist\out-tsc\e2e\src\app.po.js
C:\Users\Jr\Source\Repos\Sagaracorp\BladeportBinaryTreeManager\BladeportBinaryTreeManager.Web\wwwroot\app\dist\out-tsc\e2e\src\app.po.js.map
C:\Users\Jr\Source\Repos\Sagaracorp\BladeportBinaryTreeManager\BladeportBinaryTreeManager.Web\wwwroot\app\dist\out-tsc\e2e\src\app.e2e-spec.js
C:\Users\Jr\Source\Repos\Sagaracorp\BladeportBinaryTreeManager\BladeportBinaryTreeManager.Web\wwwroot\app\dist\out-tsc\e2e\src\app.e2e-spec.js.map
C:\Users\Jr\Source\Repos\Sagaracorp\BladeportBinaryTreeManager\BladeportBinaryTreeManager.Web\wwwroot\app\dist\out-tsc\src\app\app-routing.module.js
C:\Users\Jr\Source\Repos\Sagaracorp\BladeportBinaryTreeManager\BladeportBinaryTreeManager.Web\wwwroot\app\dist\out-tsc\src\app\app-routing.module.js.map
C:\Users\Jr\Source\Repos\Sagaracorp\BladeportBinaryTreeManager\BladeportBinaryTreeManager.Web\wwwroot\app\dist\out-tsc\src\app\app.component.js
C:\Users\Jr\Source\Repos\Sagaracorp\BladeportBinaryTreeManager\BladeportBinaryTreeManager.Web\wwwroot\app\dist\out-tsc\src\app\app.component.js.map
C:\Users\Jr\Source\Repos\Sagaracorp\BladeportBinaryTreeManager\BladeportBinaryTreeManager.Web\wwwroot\app\dist\out-tsc\src\app\shared\node.js
C:\Users\Jr\Source\Repos\Sagaracorp\BladeportBinaryTreeManager\BladeportBinaryTreeManager.Web\wwwroot\app\dist\out-tsc\src\app\shared\node.js.map
C:\Users\Jr\Source\Repos\Sagaracorp\BladeportBinaryTreeManager\BladeportBinaryTreeManager.Web\wwwroot\app\dist\out-tsc\src\app\binarytree\binarytree.service.js
C:\Users\Jr\Source\Repos\Sagaracorp\BladeportBinaryTreeManager\BladeportBinaryTreeManager.Web\wwwroot\app\dist\out-tsc\src\app\binarytree\binarytree.service.js.map
C:\Users\Jr\Source\Repos\Sagaracorp\BladeportBinaryTreeManager\BladeportBinaryTreeManager.Web\wwwroot\app\dist\out-tsc\src\app\user\user.service.js
C:\Users\Jr\Source\Repos\Sagaracorp\BladeportBinaryTreeManager\BladeportBinaryTreeManager.Web\wwwroot\app\dist\out-tsc\src\app\user\user.service.js.map
C:\Users\Jr\Source\Repos\Sagaracorp\BladeportBinaryTreeManager\BladeportBinaryTreeManager.Web\wwwroot\app\dist\out-tsc\src\app\user\user.js
C:\Users\Jr\Source\Repos\Sagaracorp\BladeportBinaryTreeManager\BladeportBinaryTreeManager.Web\wwwroot\app\dist\out-tsc\src\app\user\user.js.map
C:\Users\Jr\Source\Repos\Sagaracorp\BladeportBinaryTreeManager\BladeportBinaryTreeManager.Web\wwwroot\app\dist\out-tsc\src\app\binarytree\binarytree.component.js
C:\Users\Jr\Source\Repos\Sagaracorp\BladeportBinaryTreeManager\BladeportBinaryTreeManager.Web\wwwroot\app\dist\out-tsc\src\app\binarytree\binarytree.component.js.map
C:\Users\Jr\Source\Repos\Sagaracorp\BladeportBinaryTreeManager\BladeportBinaryTreeManager.Web\wwwroot\app\dist\out-tsc\src\app\forcedmatrix\forcedmatrix.service.js
C:\Users\Jr\Source\Repos\Sagaracorp\BladeportBinaryTreeManager\BladeportBinaryTreeManager.Web\wwwroot\app\dist\out-tsc\src\app\forcedmatrix\forcedmatrix.service.js.map
C:\Users\Jr\Source\Repos\Sagaracorp\BladeportBinaryTreeManager\BladeportBinaryTreeManager.Web\wwwroot\app\dist\out-tsc\src\app\forcedmatrix\forcedmatrix.component.js
C:\Users\Jr\Source\Repos\Sagaracorp\BladeportBinaryTreeManager\BladeportBinaryTreeManager.Web\wwwroot\app\dist\out-tsc\src\app\forcedmatrix\forcedmatrix.component.js.map
C:\Users\Jr\Source\Repos\Sagaracorp\BladeportBinaryTreeManager\BladeportBinaryTreeManager.Web\wwwroot\app\dist\out-tsc\src\app\app.module.js
C:\Users\Jr\Source\Repos\Sagaracorp\BladeportBinaryTreeManager\BladeportBinaryTreeManager.Web\wwwroot\app\dist\out-tsc\src\app\app.module.js.map
C:\Users\Jr\Source\Repos\Sagaracorp\BladeportBinaryTreeManager\BladeportBinaryTreeManager.Web\wwwroot\app\dist\out-tsc\src\environments\environment.js
C:\Users\Jr\Source\Repos\Sagaracorp\BladeportBinaryTreeManager\BladeportBinaryTreeManager.Web\wwwroot\app\dist\out-tsc\src\environments\environment.js.map
C:\Users\Jr\Source\Repos\Sagaracorp\BladeportBinaryTreeManager\BladeportBinaryTreeManager.Web\wwwroot\app\dist\out-tsc\src\main.js
C:\Users\Jr\Source\Repos\Sagaracorp\BladeportBinaryTreeManager\BladeportBinaryTreeManager.Web\wwwroot\app\dist\out-tsc\src\main.js.map
C:\Users\Jr\Source\Repos\Sagaracorp\BladeportBinaryTreeManager\BladeportBinaryTreeManager.Web\wwwroot\app\dist\out-tsc\src\polyfills.js
C:\Users\Jr\Source\Repos\Sagaracorp\BladeportBinaryTreeManager\BladeportBinaryTreeManager.Web\wwwroot\app\dist\out-tsc\src\polyfills.js.map
C:\Users\Jr\Source\Repos\Sagaracorp\BladeportBinaryTreeManager\BladeportBinaryTreeManager.Web\wwwroot\app\dist\out-tsc\src\test.js
C:\Users\Jr\Source\Repos\Sagaracorp\BladeportBinaryTreeManager\BladeportBinaryTreeManager.Web\wwwroot\app\dist\out-tsc\src\test.js.map
C:\Users\Jr\Source\Repos\Sagaracorp\BladeportBinaryTreeManager\BladeportBinaryTreeManager.Web\wwwroot\app\dist\out-tsc\src\app\app.component.spec.js
C:\Users\Jr\Source\Repos\Sagaracorp\BladeportBinaryTreeManager\BladeportBinaryTreeManager.Web\wwwroot\app\dist\out-tsc\src\app\app.component.spec.js.map
C:\Users\Jr\Source\Repos\Sagaracorp\BladeportBinaryTreeManager\BladeportBinaryTreeManager.Web\wwwroot\app\dist\out-tsc\src\app\binarytree\binarytree.component.spec.js
C:\Users\Jr\Source\Repos\Sagaracorp\BladeportBinaryTreeManager\BladeportBinaryTreeManager.Web\wwwroot\app\dist\out-tsc\src\app\binarytree\binarytree.component.spec.js.map
C:\Users\Jr\Source\Repos\Sagaracorp\BladeportBinaryTreeManager\BladeportBinaryTreeManager.Web\wwwroot\app\dist\out-tsc\src\app\forcedmatrix\forcedmatrix.component.spec.js
C:\Users\Jr\Source\Repos\Sagaracorp\BladeportBinaryTreeManager\BladeportBinaryTreeManager.Web\wwwroot\app\dist\out-tsc\src\app\forcedmatrix\forcedmatrix.component.spec.js.map
C:\Users\Jr\Source\Repos\Sagaracorp\BladeportBinaryTreeManager\BladeportBinaryTreeManager.Web\wwwroot\app\dist\out-tsc\src\environments\environment.prod.js
C:\Users\Jr\Source\Repos\Sagaracorp\BladeportBinaryTreeManager\BladeportBinaryTreeManager.Web\wwwroot\app\dist\out-tsc\src\environments\environment.prod.js.map
